<?xml version="1.0" encoding="UTF-8"?>
<testng-results ignored="0" total="4" passed="4" failed="0" skipped="0">
  <reporter-output>
  </reporter-output>
  <suite started-at="2021-12-09T22:08:45 IST" name="Suite" finished-at="2021-12-09T22:09:53 IST" duration-ms="68243">
    <groups>
    </groups>
    <test started-at="2021-12-09T22:08:45 IST" name="Test" finished-at="2021-12-09T22:09:53 IST" duration-ms="68243">
      <class name="com.crm.tests.LoginTest">
        <test-method is-config="true" signature="intialize()[pri:0, instance:com.crm.tests.LoginTest@4e7912d8]" started-at="2021-12-09T22:08:45 IST" name="intialize" finished-at="2021-12-09T22:08:49 IST" duration-ms="3967" status="PASS">
          <reporter-output>
          </reporter-output>
        </test-method> <!-- intialize -->
        <test-method signature="logintest()[pri:1, instance:com.crm.tests.LoginTest@4e7912d8]" started-at="2021-12-09T22:08:49 IST" name="logintest" finished-at="2021-12-09T22:08:55 IST" duration-ms="5653" status="PASS">
          <reporter-output>
          </reporter-output>
        </test-method> <!-- logintest -->
        <test-method is-config="true" signature="teardown()[pri:0, instance:com.crm.tests.LoginTest@4e7912d8]" started-at="2021-12-09T22:08:55 IST" name="teardown" finished-at="2021-12-09T22:08:55 IST" duration-ms="166" status="PASS">
          <reporter-output>
          </reporter-output>
        </test-method> <!-- teardown -->
        <test-method is-config="true" signature="intialize()[pri:0, instance:com.crm.tests.LoginTest@4e7912d8]" started-at="2021-12-09T22:08:55 IST" name="intialize" finished-at="2021-12-09T22:08:57 IST" duration-ms="2466" status="PASS">
          <reporter-output>
          </reporter-output>
        </test-method> <!-- intialize -->
        <test-method signature="invalidlogintest()[pri:2, instance:com.crm.tests.LoginTest@4e7912d8]" started-at="2021-12-09T22:08:57 IST" name="invalidlogintest" finished-at="2021-12-09T22:09:06 IST" duration-ms="8999" status="PASS">
          <reporter-output>
          </reporter-output>
        </test-method> <!-- invalidlogintest -->
        <test-method is-config="true" signature="teardown()[pri:0, instance:com.crm.tests.LoginTest@4e7912d8]" started-at="2021-12-09T22:09:06 IST" name="teardown" finished-at="2021-12-09T22:09:07 IST" duration-ms="126" status="PASS">
          <reporter-output>
          </reporter-output>
        </test-method> <!-- teardown -->
      </class> <!-- com.crm.tests.LoginTest -->
      <class name="com.crm.tests.FormsTest">
        <test-method is-config="true" signature="intialize()[pri:0, instance:com.crm.tests.FormsTest@1e683a3e]" started-at="2021-12-09T22:09:27 IST" name="intialize" finished-at="2021-12-09T22:09:31 IST" duration-ms="3383" status="PASS">
          <reporter-output>
          </reporter-output>
        </test-method> <!-- intialize -->
        <test-method signature="formTest()[pri:0, instance:com.crm.tests.FormsTest@1e683a3e]" started-at="2021-12-09T22:09:31 IST" name="formTest" finished-at="2021-12-09T22:09:53 IST" duration-ms="22433" status="PASS">
          <reporter-output>
          </reporter-output>
        </test-method> <!-- formTest -->
        <test-method is-config="true" signature="teardown()[pri:0, instance:com.crm.tests.FormsTest@1e683a3e]" started-at="2021-12-09T22:09:53 IST" name="teardown" finished-at="2021-12-09T22:09:53 IST" duration-ms="169" status="PASS">
          <reporter-output>
          </reporter-output>
        </test-method> <!-- teardown -->
      </class> <!-- com.crm.tests.FormsTest -->
      <class name="com.crm.tests.ContactsTest">
        <test-method is-config="true" signature="intialize()[pri:0, instance:com.crm.tests.ContactsTest@2b48a640]" started-at="2021-12-09T22:09:07 IST" name="intialize" finished-at="2021-12-09T22:09:09 IST" duration-ms="2654" status="PASS">
          <reporter-output>
          </reporter-output>
        </test-method> <!-- intialize -->
        <test-method signature="contactsTest()[pri:0, instance:com.crm.tests.ContactsTest@2b48a640]" started-at="2021-12-09T22:09:09 IST" name="contactsTest" finished-at="2021-12-09T22:09:27 IST" duration-ms="17988" status="PASS">
          <reporter-output>
          </reporter-output>
        </test-method> <!-- contactsTest -->
        <test-method is-config="true" signature="teardown()[pri:0, instance:com.crm.tests.ContactsTest@2b48a640]" started-at="2021-12-09T22:09:27 IST" name="teardown" finished-at="2021-12-09T22:09:27 IST" duration-ms="190" status="PASS">
          <reporter-output>
          </reporter-output>
        </test-method> <!-- teardown -->
      </class> <!-- com.crm.tests.ContactsTest -->
    </test> <!-- Test -->
  </suite> <!-- Suite -->
</testng-results>
