<?xml version="1.0" encoding="UTF-8"?>
<testng-results ignored="0" total="2" passed="2" failed="0" skipped="0">
  <reporter-output>
  </reporter-output>
  <suite started-at="2021-12-15T07:31:18 IST" name="Surefire suite" finished-at="2021-12-15T07:31:44 IST" duration-ms="26122">
    <groups>
    </groups>
    <test started-at="2021-12-15T07:31:18 IST" name="Surefire test" finished-at="2021-12-15T07:31:44 IST" duration-ms="26122">
      <class name="LoginFirefoxTest">
        <test-method signature="logintest()[pri:0, instance:LoginFirefoxTest@11fc564b]" started-at="2021-12-15T07:31:29 IST" name="logintest" finished-at="2021-12-15T07:31:44 IST" duration-ms="14983" status="PASS">
          <reporter-output>
          </reporter-output>
        </test-method> <!-- logintest -->
      </class> <!-- LoginFirefoxTest -->
      <class name="LoginChromeTest">
        <test-method signature="logintest()[pri:0, instance:LoginChromeTest@10d68fcd]" started-at="2021-12-15T07:31:18 IST" name="logintest" finished-at="2021-12-15T07:31:29 IST" duration-ms="11095" status="PASS">
          <reporter-output>
          </reporter-output>
        </test-method> <!-- logintest -->
      </class> <!-- LoginChromeTest -->
    </test> <!-- Surefire test -->
  </suite> <!-- Surefire suite -->
</testng-results>
