<?xml version="1.0" encoding="UTF-8"?>
<testng-results ignored="0" total="1" passed="1" failed="0" skipped="0">
  <reporter-output>
  </reporter-output>
  <suite started-at="2021-12-10T21:43:01 IST" name="Default suite" finished-at="2021-12-10T21:43:32 IST" duration-ms="31915">
    <groups>
    </groups>
    <test started-at="2021-12-10T21:43:01 IST" name="Default test" finished-at="2021-12-10T21:43:32 IST" duration-ms="31915">
      <class name="LoginTest">
        <test-method signature="logintest()[pri:0, instance:LoginTest@6a84a97d]" started-at="2021-12-10T21:43:01 IST" name="logintest" finished-at="2021-12-10T21:43:32 IST" duration-ms="31825" status="PASS">
          <reporter-output>
          </reporter-output>
        </test-method> <!-- logintest -->
      </class> <!-- LoginTest -->
    </test> <!-- Default test -->
  </suite> <!-- Default suite -->
</testng-results>
