<?xml version="1.0" encoding="UTF-8"?>
<testng-results ignored="0" total="3" passed="3" failed="0" skipped="0">
  <reporter-output>
  </reporter-output>
  <suite started-at="2021-12-09T08:29:40 IST" name="Default suite" finished-at="2021-12-09T08:29:40 IST" duration-ms="77">
    <groups>
    </groups>
    <test started-at="2021-12-09T08:29:40 IST" name="Default test" finished-at="2021-12-09T08:29:40 IST" duration-ms="77">
      <class name="Priority_Methods">
        <test-method signature="composeTest()[pri:1, instance:Priority_Methods@7671cb68]" started-at="2021-12-09T08:29:40 IST" name="composeTest" finished-at="2021-12-09T08:29:40 IST" duration-ms="12" status="PASS">
          <reporter-output>
          </reporter-output>
        </test-method> <!-- composeTest -->
        <test-method signature="inbox()[pri:2, instance:Priority_Methods@7671cb68]" started-at="2021-12-09T08:29:40 IST" name="inbox" finished-at="2021-12-09T08:29:40 IST" duration-ms="1" status="PASS">
          <reporter-output>
          </reporter-output>
        </test-method> <!-- inbox -->
        <test-method signature="LogOut()[pri:3, instance:Priority_Methods@7671cb68]" started-at="2021-12-09T08:29:40 IST" name="LogOut" finished-at="2021-12-09T08:29:40 IST" duration-ms="1" status="PASS">
          <reporter-output>
          </reporter-output>
        </test-method> <!-- LogOut -->
      </class> <!-- Priority_Methods -->
    </test> <!-- Default test -->
  </suite> <!-- Default suite -->
</testng-results>
