<?xml version="1.0" encoding="UTF-8"?>
<testng-results skipped="0" failed="0" ignored="0" total="2" passed="2">
  <reporter-output>
  </reporter-output>
  <suite name="Surefire suite" duration-ms="38920" started-at="2021-12-18T08:20:06 IST" finished-at="2021-12-18T08:20:44 IST">
    <groups>
    </groups>
    <test name="Surefire test" duration-ms="38920" started-at="2021-12-18T08:20:06 IST" finished-at="2021-12-18T08:20:44 IST">
      <class name="AddToCartTest">
        <test-method status="PASS" signature="addTocart()[pri:0, instance:AddToCartTest@3b0143d3]" name="addTocart" duration-ms="13825" started-at="2021-12-18T08:20:06 IST" finished-at="2021-12-18T08:20:19 IST">
          <reporter-output>
          </reporter-output>
        </test-method> <!-- addTocart -->
      </class> <!-- AddToCartTest -->
      <class name="LoginTest">
        <test-method status="PASS" signature="logintest()[pri:0, instance:LoginTest@4f970963]" name="logintest" duration-ms="25041" started-at="2021-12-18T08:20:19 IST" finished-at="2021-12-18T08:20:44 IST">
          <reporter-output>
          </reporter-output>
        </test-method> <!-- logintest -->
      </class> <!-- LoginTest -->
    </test> <!-- Surefire test -->
  </suite> <!-- Surefire suite -->
</testng-results>
