<?xml version="1.0" encoding="UTF-8"?>
<testng-results ignored="0" total="1" passed="1" failed="0" skipped="0">
  <reporter-output>
  </reporter-output>
  <suite started-at="2021-12-08T21:10:45 IST" name="Default suite" finished-at="2021-12-08T21:10:51 IST" duration-ms="6249">
    <groups>
    </groups>
    <test started-at="2021-12-08T21:10:45 IST" name="Default test" finished-at="2021-12-08T21:10:51 IST" duration-ms="6249">
      <class name="Testng_Example">
        <test-method signature="test()[pri:0, instance:Testng_Example@7690781]" started-at="2021-12-08T21:10:45 IST" name="test" finished-at="2021-12-08T21:10:51 IST" duration-ms="6187" status="PASS">
          <reporter-output>
          </reporter-output>
        </test-method> <!-- test -->
      </class> <!-- Testng_Example -->
    </test> <!-- Default test -->
  </suite> <!-- Default suite -->
</testng-results>
