<?xml version="1.0" encoding="UTF-8"?>
<!-- Generated by org.testng.reporters.JUnitXMLReporter -->
<testsuite ignored="0" hostname="LAPTOP-E956GLFD" failures="0" tests="4" name="Test" time="68.243" errors="0" timestamp="2021-12-09T22:09:53 IST">
  <testcase classname="com.crm.tests.LoginTest" name="logintest" time="5.653"/>
  <testcase classname="com.crm.tests.LoginTest" name="invalidlogintest" time="8.999"/>
  <testcase classname="com.crm.tests.ContactsTest" name="contactsTest" time="17.988"/>
  <testcase classname="com.crm.tests.FormsTest" name="formTest" time="22.433"/>
</testsuite> <!-- Test -->
