<?xml version="1.0" encoding="UTF-8"?>
<testng-results ignored="0" total="1" passed="1" failed="0" skipped="0">
  <reporter-output>
  </reporter-output>
  <suite started-at="2021-12-11T08:16:01 IST" name="Default suite" finished-at="2021-12-11T08:16:16 IST" duration-ms="14535">
    <groups>
    </groups>
    <test started-at="2021-12-11T08:16:01 IST" name="Default test" finished-at="2021-12-11T08:16:16 IST" duration-ms="14535">
      <class name="LoginTest_firefox">
        <test-method signature="logintest()[pri:0, instance:LoginTest_firefox@1af2d44a]" started-at="2021-12-11T08:16:01 IST" name="logintest" finished-at="2021-12-11T08:16:16 IST" duration-ms="14484" status="PASS">
          <reporter-output>
          </reporter-output>
        </test-method> <!-- logintest -->
      </class> <!-- LoginTest_firefox -->
    </test> <!-- Default test -->
  </suite> <!-- Default suite -->
</testng-results>
