<?xml version="1.0" encoding="UTF-8"?>
<testng-results ignored="0" total="1" passed="1" failed="0" skipped="0">
  <reporter-output>
  </reporter-output>
  <suite started-at="2021-12-14T07:37:09 IST" name="Default suite" finished-at="2021-12-14T07:37:13 IST" duration-ms="3989">
    <groups>
    </groups>
    <test started-at="2021-12-14T07:37:09 IST" name="Default test" finished-at="2021-12-14T07:37:13 IST" duration-ms="3989">
      <class name="com.sauce.tests.AddTocartTest">
        <test-method is-config="true" signature="intial()[pri:0, instance:com.sauce.tests.AddTocartTest@3738449f]" started-at="2021-12-14T07:37:09 IST" name="intial" finished-at="2021-12-14T07:37:13 IST" duration-ms="3119" status="PASS">
          <reporter-output>
          </reporter-output>
        </test-method> <!-- intial -->
        <test-method signature="removeCart()[pri:0, instance:com.sauce.tests.AddTocartTest@3738449f]" started-at="2021-12-14T07:37:13 IST" name="removeCart" finished-at="2021-12-14T07:37:13 IST" duration-ms="832" status="PASS">
          <reporter-output>
          </reporter-output>
        </test-method> <!-- removeCart -->
      </class> <!-- com.sauce.tests.AddTocartTest -->
    </test> <!-- Default test -->
  </suite> <!-- Default suite -->
</testng-results>
