<?xml version="1.0" encoding="UTF-8"?>
<testng-results ignored="0" total="2" passed="2" failed="0" skipped="0">
  <reporter-output>
  </reporter-output>
  <suite started-at="2021-12-10T08:35:06 IST" name="Default suite" finished-at="2021-12-10T08:35:14 IST" duration-ms="8243">
    <groups>
    </groups>
    <test started-at="2021-12-10T08:35:06 IST" name="Default test" finished-at="2021-12-10T08:35:14 IST" duration-ms="8243">
      <class name="com.sauce.tests.LoginTest">
        <test-method is-config="true" signature="intial()[pri:0, instance:com.sauce.tests.LoginTest@c333c60]" started-at="2021-12-10T08:35:06 IST" name="intial" finished-at="2021-12-10T08:35:09 IST" duration-ms="3247" status="PASS">
          <reporter-output>
          </reporter-output>
        </test-method> <!-- intial -->
        <test-method signature="invalidlogintest()[pri:0, instance:com.sauce.tests.LoginTest@c333c60]" started-at="2021-12-10T08:35:09 IST" name="invalidlogintest" finished-at="2021-12-10T08:35:10 IST" duration-ms="685" status="PASS">
          <reporter-output>
          </reporter-output>
        </test-method> <!-- invalidlogintest -->
        <test-method is-config="true" signature="teardown()[pri:0, instance:com.sauce.tests.LoginTest@c333c60]" started-at="2021-12-10T08:35:10 IST" name="teardown" finished-at="2021-12-10T08:35:10 IST" duration-ms="752" status="PASS">
          <reporter-output>
          </reporter-output>
        </test-method> <!-- teardown -->
        <test-method is-config="true" signature="intial()[pri:0, instance:com.sauce.tests.LoginTest@c333c60]" started-at="2021-12-10T08:35:10 IST" name="intial" finished-at="2021-12-10T08:35:12 IST" duration-ms="2000" status="PASS">
          <reporter-output>
          </reporter-output>
        </test-method> <!-- intial -->
        <test-method signature="logintest()[pri:0, instance:com.sauce.tests.LoginTest@c333c60]" started-at="2021-12-10T08:35:12 IST" name="logintest" finished-at="2021-12-10T08:35:13 IST" duration-ms="804" status="PASS">
          <reporter-output>
          </reporter-output>
        </test-method> <!-- logintest -->
        <test-method is-config="true" signature="teardown()[pri:0, instance:com.sauce.tests.LoginTest@c333c60]" started-at="2021-12-10T08:35:13 IST" name="teardown" finished-at="2021-12-10T08:35:14 IST" duration-ms="713" status="PASS">
          <reporter-output>
          </reporter-output>
        </test-method> <!-- teardown -->
      </class> <!-- com.sauce.tests.LoginTest -->
    </test> <!-- Default test -->
  </suite> <!-- Default suite -->
</testng-results>
